CRITICAL - 2024-04-05 07:21:53 --> ErrorException: Undefined variable $site_url
in APPPATH\Views\index.php on line 84.
 1 APPPATH\Views\index.php(84): CodeIgniter\Debug\Exceptions->errorHandler(2, 'Undefined variable $site_url', 'C:\\xampp\\htdocs\\Task\\app\\Views\\index.php', 84)
 2 SYSTEMPATH\View\View.php(228): include('C:\\xampp\\htdocs\\Task\\app\\Views\\index.php')
 3 SYSTEMPATH\View\View.php(231): CodeIgniter\View\View->CodeIgniter\View\{closure}()
 4 SYSTEMPATH\Common.php(1178): CodeIgniter\View\View->render('index', [], true)
 5 APPPATH\Controllers\Home.php(9): view('index')
 6 SYSTEMPATH\CodeIgniter.php(943): App\Controllers\Home->index()
 7 SYSTEMPATH\CodeIgniter.php(503): CodeIgniter\CodeIgniter->runController(Object(App\Controllers\Home))
 8 SYSTEMPATH\CodeIgniter.php(361): CodeIgniter\CodeIgniter->handleRequest(null, Object(Config\Cache), false)
 9 FCPATH\index.php(79): CodeIgniter\CodeIgniter->run()
10 SYSTEMPATH\Commands\Server\rewrite.php(47): require_once('C:\\xampp\\htdocs\\Task\\public\\index.php')
CRITICAL - 2024-04-05 07:21:58 --> ErrorException: Undefined variable $site_url
in APPPATH\Views\index.php on line 84.
 1 APPPATH\Views\index.php(84): CodeIgniter\Debug\Exceptions->errorHandler(2, 'Undefined variable $site_url', 'C:\\xampp\\htdocs\\Task\\app\\Views\\index.php', 84)
 2 SYSTEMPATH\View\View.php(228): include('C:\\xampp\\htdocs\\Task\\app\\Views\\index.php')
 3 SYSTEMPATH\View\View.php(231): CodeIgniter\View\View->CodeIgniter\View\{closure}()
 4 SYSTEMPATH\Common.php(1178): CodeIgniter\View\View->render('index', [], true)
 5 APPPATH\Controllers\Home.php(9): view('index')
 6 SYSTEMPATH\CodeIgniter.php(943): App\Controllers\Home->index()
 7 SYSTEMPATH\CodeIgniter.php(503): CodeIgniter\CodeIgniter->runController(Object(App\Controllers\Home))
 8 SYSTEMPATH\CodeIgniter.php(361): CodeIgniter\CodeIgniter->handleRequest(null, Object(Config\Cache), false)
 9 FCPATH\index.php(79): CodeIgniter\CodeIgniter->run()
10 SYSTEMPATH\Commands\Server\rewrite.php(47): require_once('C:\\xampp\\htdocs\\Task\\public\\index.php')
CRITICAL - 2024-04-05 09:40:25 --> Error: Class "App\Controllers\CommonModel" not found
in APPPATH\Controllers\Home.php on line 13.
 1 SYSTEMPATH\CodeIgniter.php(943): App\Controllers\Home->create()
 2 SYSTEMPATH\CodeIgniter.php(503): CodeIgniter\CodeIgniter->runController(Object(App\Controllers\Home))
 3 SYSTEMPATH\CodeIgniter.php(361): CodeIgniter\CodeIgniter->handleRequest(null, Object(Config\Cache), false)
 4 FCPATH\index.php(79): CodeIgniter\CodeIgniter->run()
 5 SYSTEMPATH\Commands\Server\rewrite.php(47): require_once('C:\\xampp\\htdocs\\Task\\public\\index.php')
CRITICAL - 2024-04-05 09:41:23 --> Error: Class "App\Controllers\CommonModel" not found
in APPPATH\Controllers\Home.php on line 13.
 1 SYSTEMPATH\CodeIgniter.php(943): App\Controllers\Home->create()
 2 SYSTEMPATH\CodeIgniter.php(503): CodeIgniter\CodeIgniter->runController(Object(App\Controllers\Home))
 3 SYSTEMPATH\CodeIgniter.php(361): CodeIgniter\CodeIgniter->handleRequest(null, Object(Config\Cache), false)
 4 FCPATH\index.php(79): CodeIgniter\CodeIgniter->run()
 5 SYSTEMPATH\Commands\Server\rewrite.php(47): require_once('C:\\xampp\\htdocs\\Task\\public\\index.php')
CRITICAL - 2024-04-05 09:42:45 --> Error: Class "App\Controllers\CommonModel" not found
in APPPATH\Controllers\Home.php on line 13.
 1 SYSTEMPATH\CodeIgniter.php(943): App\Controllers\Home->create()
 2 SYSTEMPATH\CodeIgniter.php(503): CodeIgniter\CodeIgniter->runController(Object(App\Controllers\Home))
 3 SYSTEMPATH\CodeIgniter.php(361): CodeIgniter\CodeIgniter->handleRequest(null, Object(Config\Cache), false)
 4 FCPATH\index.php(79): CodeIgniter\CodeIgniter->run()
 5 SYSTEMPATH\Commands\Server\rewrite.php(47): require_once('C:\\xampp\\htdocs\\Task\\public\\index.php')
CRITICAL - 2024-04-05 09:43:22 --> Error: Class "App\Controllers\CommonModel" not found
in APPPATH\Controllers\Home.php on line 13.
 1 SYSTEMPATH\CodeIgniter.php(943): App\Controllers\Home->create()
 2 SYSTEMPATH\CodeIgniter.php(503): CodeIgniter\CodeIgniter->runController(Object(App\Controllers\Home))
 3 SYSTEMPATH\CodeIgniter.php(361): CodeIgniter\CodeIgniter->handleRequest(null, Object(Config\Cache), false)
 4 FCPATH\index.php(79): CodeIgniter\CodeIgniter->run()
 5 SYSTEMPATH\Commands\Server\rewrite.php(47): require_once('C:\\xampp\\htdocs\\Task\\public\\index.php')
CRITICAL - 2024-04-05 09:43:35 --> Error: Class "App\Controllers\CommonModel" not found
in APPPATH\Controllers\Home.php on line 13.
 1 SYSTEMPATH\CodeIgniter.php(943): App\Controllers\Home->create()
 2 SYSTEMPATH\CodeIgniter.php(503): CodeIgniter\CodeIgniter->runController(Object(App\Controllers\Home))
 3 SYSTEMPATH\CodeIgniter.php(361): CodeIgniter\CodeIgniter->handleRequest(null, Object(Config\Cache), false)
 4 FCPATH\index.php(79): CodeIgniter\CodeIgniter->run()
 5 SYSTEMPATH\Commands\Server\rewrite.php(47): require_once('C:\\xampp\\htdocs\\Task\\public\\index.php')
CRITICAL - 2024-04-05 10:11:06 --> ArgumentCountError: Too few arguments to function App\Models\CommonModel::insertValue(), 1 passed in C:\xampp\htdocs\Task\app\Controllers\Home.php on line 29 and exactly 2 expected
in APPPATH\Models\CommonModel.php on line 9.
 1 APPPATH\Controllers\Home.php(29): App\Models\CommonModel->insertValue([...])
 2 SYSTEMPATH\CodeIgniter.php(943): App\Controllers\Home->create()
 3 SYSTEMPATH\CodeIgniter.php(503): CodeIgniter\CodeIgniter->runController(Object(App\Controllers\Home))
 4 SYSTEMPATH\CodeIgniter.php(361): CodeIgniter\CodeIgniter->handleRequest(null, Object(Config\Cache), false)
 5 FCPATH\index.php(79): CodeIgniter\CodeIgniter->run()
 6 SYSTEMPATH\Commands\Server\rewrite.php(47): require_once('C:\\xampp\\htdocs\\Task\\public\\index.php')
CRITICAL - 2024-04-05 10:11:23 --> ArgumentCountError: Too few arguments to function App\Models\CommonModel::insertValue(), 1 passed in C:\xampp\htdocs\Task\app\Controllers\Home.php on line 29 and exactly 2 expected
in APPPATH\Models\CommonModel.php on line 9.
 1 APPPATH\Controllers\Home.php(29): App\Models\CommonModel->insertValue([...])
 2 SYSTEMPATH\CodeIgniter.php(943): App\Controllers\Home->create()
 3 SYSTEMPATH\CodeIgniter.php(503): CodeIgniter\CodeIgniter->runController(Object(App\Controllers\Home))
 4 SYSTEMPATH\CodeIgniter.php(361): CodeIgniter\CodeIgniter->handleRequest(null, Object(Config\Cache), false)
 5 FCPATH\index.php(79): CodeIgniter\CodeIgniter->run()
 6 SYSTEMPATH\Commands\Server\rewrite.php(47): require_once('C:\\xampp\\htdocs\\Task\\public\\index.php')
CRITICAL - 2024-04-05 10:15:12 --> ArgumentCountError: Too few arguments to function App\Models\CommonModel::insertValue(), 1 passed in C:\xampp\htdocs\Task\app\Controllers\Home.php on line 31 and exactly 2 expected
in APPPATH\Models\CommonModel.php on line 9.
 1 APPPATH\Controllers\Home.php(31): App\Models\CommonModel->insertValue([...])
 2 SYSTEMPATH\CodeIgniter.php(943): App\Controllers\Home->create()
 3 SYSTEMPATH\CodeIgniter.php(503): CodeIgniter\CodeIgniter->runController(Object(App\Controllers\Home))
 4 SYSTEMPATH\CodeIgniter.php(361): CodeIgniter\CodeIgniter->handleRequest(null, Object(Config\Cache), false)
 5 FCPATH\index.php(79): CodeIgniter\CodeIgniter->run()
 6 SYSTEMPATH\Commands\Server\rewrite.php(47): require_once('C:\\xampp\\htdocs\\Task\\public\\index.php')
CRITICAL - 2024-04-05 10:16:29 --> ArgumentCountError: Too few arguments to function App\Models\CommonModel::insertValue(), 1 passed in C:\xampp\htdocs\Task\app\Controllers\Home.php on line 31 and exactly 2 expected
in APPPATH\Models\CommonModel.php on line 9.
 1 APPPATH\Controllers\Home.php(31): App\Models\CommonModel->insertValue([...])
 2 SYSTEMPATH\CodeIgniter.php(943): App\Controllers\Home->create()
 3 SYSTEMPATH\CodeIgniter.php(503): CodeIgniter\CodeIgniter->runController(Object(App\Controllers\Home))
 4 SYSTEMPATH\CodeIgniter.php(361): CodeIgniter\CodeIgniter->handleRequest(null, Object(Config\Cache), false)
 5 FCPATH\index.php(79): CodeIgniter\CodeIgniter->run()
 6 SYSTEMPATH\Commands\Server\rewrite.php(47): require_once('C:\\xampp\\htdocs\\Task\\public\\index.php')
CRITICAL - 2024-04-05 10:20:22 --> ArgumentCountError: Too few arguments to function App\Models\CommonModel::insertValue(), 1 passed in C:\xampp\htdocs\Task\app\Controllers\Home.php on line 31 and exactly 2 expected
in APPPATH\Models\CommonModel.php on line 9.
 1 APPPATH\Controllers\Home.php(31): App\Models\CommonModel->insertValue([...])
 2 SYSTEMPATH\CodeIgniter.php(943): App\Controllers\Home->create()
 3 SYSTEMPATH\CodeIgniter.php(503): CodeIgniter\CodeIgniter->runController(Object(App\Controllers\Home))
 4 SYSTEMPATH\CodeIgniter.php(361): CodeIgniter\CodeIgniter->handleRequest(null, Object(Config\Cache), false)
 5 FCPATH\index.php(79): CodeIgniter\CodeIgniter->run()
 6 SYSTEMPATH\Commands\Server\rewrite.php(47): require_once('C:\\xampp\\htdocs\\Task\\public\\index.php')
CRITICAL - 2024-04-05 10:22:45 --> ArgumentCountError: Too few arguments to function App\Models\CommonModel::insertValue(), 1 passed in C:\xampp\htdocs\Task\app\Controllers\Home.php on line 31 and exactly 2 expected
in APPPATH\Models\CommonModel.php on line 9.
 1 APPPATH\Controllers\Home.php(31): App\Models\CommonModel->insertValue([...])
 2 SYSTEMPATH\CodeIgniter.php(943): App\Controllers\Home->create()
 3 SYSTEMPATH\CodeIgniter.php(503): CodeIgniter\CodeIgniter->runController(Object(App\Controllers\Home))
 4 SYSTEMPATH\CodeIgniter.php(361): CodeIgniter\CodeIgniter->handleRequest(null, Object(Config\Cache), false)
 5 FCPATH\index.php(79): CodeIgniter\CodeIgniter->run()
 6 SYSTEMPATH\Commands\Server\rewrite.php(47): require_once('C:\\xampp\\htdocs\\Task\\public\\index.php')
CRITICAL - 2024-04-05 10:25:07 --> ArgumentCountError: Too few arguments to function App\Models\CommonModel::insertValue(), 1 passed in C:\xampp\htdocs\Task\app\Controllers\Home.php on line 31 and exactly 2 expected
in APPPATH\Models\CommonModel.php on line 9.
 1 APPPATH\Controllers\Home.php(31): App\Models\CommonModel->insertValue([...])
 2 SYSTEMPATH\CodeIgniter.php(943): App\Controllers\Home->create()
 3 SYSTEMPATH\CodeIgniter.php(503): CodeIgniter\CodeIgniter->runController(Object(App\Controllers\Home))
 4 SYSTEMPATH\CodeIgniter.php(361): CodeIgniter\CodeIgniter->handleRequest(null, Object(Config\Cache), false)
 5 FCPATH\index.php(79): CodeIgniter\CodeIgniter->run()
 6 SYSTEMPATH\Commands\Server\rewrite.php(47): require_once('C:\\xampp\\htdocs\\Task\\public\\index.php')
CRITICAL - 2024-04-05 10:27:06 --> ErrorException: Undefined variable $baseURL
in APPPATH\Views\index.php on line 87.
 1 APPPATH\Views\index.php(87): CodeIgniter\Debug\Exceptions->errorHandler(2, 'Undefined variable $baseURL', 'C:\\xampp\\htdocs\\Task\\app\\Views\\index.php', 87)
 2 SYSTEMPATH\View\View.php(228): include('C:\\xampp\\htdocs\\Task\\app\\Views\\index.php')
 3 SYSTEMPATH\View\View.php(231): CodeIgniter\View\View->CodeIgniter\View\{closure}()
 4 SYSTEMPATH\Common.php(1178): CodeIgniter\View\View->render('index', [], true)
 5 APPPATH\Controllers\Home.php(11): view('index')
 6 SYSTEMPATH\CodeIgniter.php(943): App\Controllers\Home->index()
 7 SYSTEMPATH\CodeIgniter.php(503): CodeIgniter\CodeIgniter->runController(Object(App\Controllers\Home))
 8 SYSTEMPATH\CodeIgniter.php(361): CodeIgniter\CodeIgniter->handleRequest(null, Object(Config\Cache), false)
 9 FCPATH\index.php(79): CodeIgniter\CodeIgniter->run()
10 SYSTEMPATH\Commands\Server\rewrite.php(47): require_once('C:\\xampp\\htdocs\\Task\\public\\index.php')
CRITICAL - 2024-04-05 10:27:54 --> ArgumentCountError: Too few arguments to function App\Models\CommonModel::insertValue(), 1 passed in C:\xampp\htdocs\Task\app\Controllers\Home.php on line 31 and exactly 2 expected
in APPPATH\Models\CommonModel.php on line 9.
 1 APPPATH\Controllers\Home.php(31): App\Models\CommonModel->insertValue([...])
 2 SYSTEMPATH\CodeIgniter.php(943): App\Controllers\Home->create()
 3 SYSTEMPATH\CodeIgniter.php(503): CodeIgniter\CodeIgniter->runController(Object(App\Controllers\Home))
 4 SYSTEMPATH\CodeIgniter.php(361): CodeIgniter\CodeIgniter->handleRequest(null, Object(Config\Cache), false)
 5 FCPATH\index.php(79): CodeIgniter\CodeIgniter->run()
 6 SYSTEMPATH\Commands\Server\rewrite.php(47): require_once('C:\\xampp\\htdocs\\Task\\public\\index.php')
CRITICAL - 2024-04-05 10:28:39 --> ArgumentCountError: Too few arguments to function App\Models\CommonModel::insertValue(), 1 passed in C:\xampp\htdocs\Task\app\Controllers\Home.php on line 31 and exactly 2 expected
in APPPATH\Models\CommonModel.php on line 9.
 1 APPPATH\Controllers\Home.php(31): App\Models\CommonModel->insertValue([...])
 2 SYSTEMPATH\CodeIgniter.php(943): App\Controllers\Home->create()
 3 SYSTEMPATH\CodeIgniter.php(503): CodeIgniter\CodeIgniter->runController(Object(App\Controllers\Home))
 4 SYSTEMPATH\CodeIgniter.php(361): CodeIgniter\CodeIgniter->handleRequest(null, Object(Config\Cache), false)
 5 FCPATH\index.php(79): CodeIgniter\CodeIgniter->run()
 6 SYSTEMPATH\Commands\Server\rewrite.php(47): require_once('C:\\xampp\\htdocs\\Task\\public\\index.php')
ERROR - 2024-04-05 15:16:57 --> mysqli_sql_exception: Unknown column 'status' in 'where clause' in C:\xampp\htdocs\Task\system\Database\MySQLi\Connection.php:306
Stack trace:
#0 C:\xampp\htdocs\Task\system\Database\MySQLi\Connection.php(306): mysqli->query('SELECT *\nFROM `...', 0)
#1 C:\xampp\htdocs\Task\system\Database\BaseConnection.php(693): CodeIgniter\Database\MySQLi\Connection->execute('SELECT *\nFROM `...')
#2 C:\xampp\htdocs\Task\system\Database\BaseConnection.php(607): CodeIgniter\Database\BaseConnection->simpleQuery('SELECT *\nFROM `...')
#3 C:\xampp\htdocs\Task\system\Database\BaseBuilder.php(1616): CodeIgniter\Database\BaseConnection->query('SELECT *\nFROM `...', Array, false)
#4 C:\xampp\htdocs\Task\app\Models\CommonModel.php(38): CodeIgniter\Database\BaseBuilder->get()
#5 C:\xampp\htdocs\Task\app\Controllers\Home.php(43): App\Models\CommonModel->getAllValue(Array)
#6 C:\xampp\htdocs\Task\system\CodeIgniter.php(943): App\Controllers\Home->getData()
#7 C:\xampp\htdocs\Task\system\CodeIgniter.php(503): CodeIgniter\CodeIgniter->runController(Object(App\Controllers\Home))
#8 C:\xampp\htdocs\Task\system\CodeIgniter.php(361): CodeIgniter\CodeIgniter->handleRequest(NULL, Object(Config\Cache), false)
#9 C:\xampp\htdocs\Task\public\index.php(79): CodeIgniter\CodeIgniter->run()
#10 C:\xampp\htdocs\Task\system\Commands\Server\rewrite.php(47): require_once('C:\\xampp\\htdocs...')
#11 {main}
CRITICAL - 2024-04-05 15:16:57 --> CodeIgniter\Database\Exceptions\DatabaseException: Unknown column 'status' in 'where clause'
in SYSTEMPATH\Database\BaseConnection.php on line 647.
 1 SYSTEMPATH\Database\BaseBuilder.php(1616): CodeIgniter\Database\BaseConnection->query('SELECT *
FROM `tbl_users`
WHERE `status` = :status:', [...], false)
 2 APPPATH\Models\CommonModel.php(38): CodeIgniter\Database\BaseBuilder->get()
 3 APPPATH\Controllers\Home.php(43): App\Models\CommonModel->getAllValue([...])
 4 SYSTEMPATH\CodeIgniter.php(943): App\Controllers\Home->getData()
 5 SYSTEMPATH\CodeIgniter.php(503): CodeIgniter\CodeIgniter->runController(Object(App\Controllers\Home))
 6 SYSTEMPATH\CodeIgniter.php(361): CodeIgniter\CodeIgniter->handleRequest(null, Object(Config\Cache), false)
 7 FCPATH\index.php(79): CodeIgniter\CodeIgniter->run()
 8 SYSTEMPATH\Commands\Server\rewrite.php(47): require_once('C:\\xampp\\htdocs\\Task\\public\\index.php')
CRITICAL - 2024-04-05 15:16:57 --> [Caused by] CodeIgniter\Database\Exceptions\DatabaseException: Unknown column 'status' in 'where clause'
in SYSTEMPATH\Database\MySQLi\Connection.php on line 311.
 1 SYSTEMPATH\Database\BaseConnection.php(693): CodeIgniter\Database\MySQLi\Connection->execute('SELECT *
FROM `tbl_users`
WHERE `status` = 1')
 2 SYSTEMPATH\Database\BaseConnection.php(607): CodeIgniter\Database\BaseConnection->simpleQuery('SELECT *
FROM `tbl_users`
WHERE `status` = 1')
 3 SYSTEMPATH\Database\BaseBuilder.php(1616): CodeIgniter\Database\BaseConnection->query('SELECT *
FROM `tbl_users`
WHERE `status` = :status:', [...], false)
 4 APPPATH\Models\CommonModel.php(38): CodeIgniter\Database\BaseBuilder->get()
 5 APPPATH\Controllers\Home.php(43): App\Models\CommonModel->getAllValue([...])
 6 SYSTEMPATH\CodeIgniter.php(943): App\Controllers\Home->getData()
 7 SYSTEMPATH\CodeIgniter.php(503): CodeIgniter\CodeIgniter->runController(Object(App\Controllers\Home))
 8 SYSTEMPATH\CodeIgniter.php(361): CodeIgniter\CodeIgniter->handleRequest(null, Object(Config\Cache), false)
 9 FCPATH\index.php(79): CodeIgniter\CodeIgniter->run()
10 SYSTEMPATH\Commands\Server\rewrite.php(47): require_once('C:\\xampp\\htdocs\\Task\\public\\index.php')
CRITICAL - 2024-04-05 15:16:57 --> [Caused by] mysqli_sql_exception: Unknown column 'status' in 'where clause'
in SYSTEMPATH\Database\MySQLi\Connection.php on line 306.
 1 SYSTEMPATH\Database\MySQLi\Connection.php(306): mysqli->query('SELECT *
FROM `tbl_users`
WHERE `status` = 1', 0)
 2 SYSTEMPATH\Database\BaseConnection.php(693): CodeIgniter\Database\MySQLi\Connection->execute('SELECT *
FROM `tbl_users`
WHERE `status` = 1')
 3 SYSTEMPATH\Database\BaseConnection.php(607): CodeIgniter\Database\BaseConnection->simpleQuery('SELECT *
FROM `tbl_users`
WHERE `status` = 1')
 4 SYSTEMPATH\Database\BaseBuilder.php(1616): CodeIgniter\Database\BaseConnection->query('SELECT *
FROM `tbl_users`
WHERE `status` = :status:', [...], false)
 5 APPPATH\Models\CommonModel.php(38): CodeIgniter\Database\BaseBuilder->get()
 6 APPPATH\Controllers\Home.php(43): App\Models\CommonModel->getAllValue([...])
 7 SYSTEMPATH\CodeIgniter.php(943): App\Controllers\Home->getData()
 8 SYSTEMPATH\CodeIgniter.php(503): CodeIgniter\CodeIgniter->runController(Object(App\Controllers\Home))
 9 SYSTEMPATH\CodeIgniter.php(361): CodeIgniter\CodeIgniter->handleRequest(null, Object(Config\Cache), false)
10 FCPATH\index.php(79): CodeIgniter\CodeIgniter->run()
11 SYSTEMPATH\Commands\Server\rewrite.php(47): require_once('C:\\xampp\\htdocs\\Task\\public\\index.php')
